[2023-03-03 11:01:23,268] {taskinstance.py:1159} INFO - Dependencies all met for <TaskInstance: avg_product_price.spark_submit manual__2023-03-03T10:56:51.751276+00:00 [queued]>
[2023-03-03 11:01:23,282] {taskinstance.py:1159} INFO - Dependencies all met for <TaskInstance: avg_product_price.spark_submit manual__2023-03-03T10:56:51.751276+00:00 [queued]>
[2023-03-03 11:01:23,283] {taskinstance.py:1356} INFO - 
--------------------------------------------------------------------------------
[2023-03-03 11:01:23,283] {taskinstance.py:1357} INFO - Starting attempt 2 of 3
[2023-03-03 11:01:23,283] {taskinstance.py:1358} INFO - 
--------------------------------------------------------------------------------
[2023-03-03 11:01:23,302] {taskinstance.py:1377} INFO - Executing <Task(SparkSubmitOperator): spark_submit> on 2023-03-03 10:56:51.751276+00:00
[2023-03-03 11:01:23,310] {standard_task_runner.py:52} INFO - Started process 2112 to run task
[2023-03-03 11:01:23,314] {standard_task_runner.py:79} INFO - Running: ['***', 'tasks', 'run', 'avg_product_price', 'spark_submit', 'manual__2023-03-03T10:56:51.751276+00:00', '--job-id', '6', '--raw', '--subdir', 'DAGS_FOLDER/avg_product_price.py', '--cfg-path', '/tmp/tmp23og0dzt', '--error-file', '/tmp/tmpotbsobwj']
[2023-03-03 11:01:23,317] {standard_task_runner.py:80} INFO - Job 6: Subtask spark_submit
[2023-03-03 11:01:23,383] {task_command.py:370} INFO - Running <TaskInstance: avg_product_price.spark_submit manual__2023-03-03T10:56:51.751276+00:00 [running]> on host bc6e20906570
[2023-03-03 11:01:23,471] {taskinstance.py:1571} INFO - Exporting the following env vars:
AIRFLOW_CTX_DAG_OWNER=ayyoub
AIRFLOW_CTX_DAG_ID=avg_product_price
AIRFLOW_CTX_TASK_ID=spark_submit
AIRFLOW_CTX_EXECUTION_DATE=2023-03-03T10:56:51.751276+00:00
AIRFLOW_CTX_TRY_NUMBER=2
AIRFLOW_CTX_DAG_RUN_ID=manual__2023-03-03T10:56:51.751276+00:00
[2023-03-03 11:01:23,484] {base.py:68} INFO - Using connection ID 'spark-hadoop' for task execution.
[2023-03-03 11:01:23,486] {spark_submit.py:344} INFO - Spark-Submit cmd: spark-submit --master local[*] --name arrow-spark /hadoop-data/map_reduce/spark/average_price.py
[2023-03-03 11:01:26,389] {spark_submit.py:495} INFO - 23/03/03 11:01:26 INFO SparkContext: Running Spark version 3.3.2
[2023-03-03 11:01:26,458] {spark_submit.py:495} INFO - 23/03/03 11:01:26 WARN NativeCodeLoader: Unable to load native-hadoop library for your platform... using builtin-java classes where applicable
[2023-03-03 11:01:26,569] {spark_submit.py:495} INFO - 23/03/03 11:01:26 INFO ResourceUtils: ==============================================================
[2023-03-03 11:01:26,569] {spark_submit.py:495} INFO - 23/03/03 11:01:26 INFO ResourceUtils: No custom resources configured for spark.driver.
[2023-03-03 11:01:26,570] {spark_submit.py:495} INFO - 23/03/03 11:01:26 INFO ResourceUtils: ==============================================================
[2023-03-03 11:01:26,570] {spark_submit.py:495} INFO - 23/03/03 11:01:26 INFO SparkContext: Submitted application: average_product_price
[2023-03-03 11:01:26,601] {spark_submit.py:495} INFO - 23/03/03 11:01:26 INFO ResourceProfile: Default ResourceProfile created, executor resources: Map(cores -> name: cores, amount: 1, script: , vendor: , memory -> name: memory, amount: 1024, script: , vendor: , offHeap -> name: offHeap, amount: 0, script: , vendor: ), task resources: Map(cpus -> name: cpus, amount: 1.0)
[2023-03-03 11:01:26,615] {spark_submit.py:495} INFO - 23/03/03 11:01:26 INFO ResourceProfile: Limiting resource is cpu
[2023-03-03 11:01:26,616] {spark_submit.py:495} INFO - 23/03/03 11:01:26 INFO ResourceProfileManager: Added ResourceProfile id: 0
[2023-03-03 11:01:26,687] {spark_submit.py:495} INFO - 23/03/03 11:01:26 INFO SecurityManager: Changing view acls to: ***
[2023-03-03 11:01:26,687] {spark_submit.py:495} INFO - 23/03/03 11:01:26 INFO SecurityManager: Changing modify acls to: ***
[2023-03-03 11:01:26,688] {spark_submit.py:495} INFO - 23/03/03 11:01:26 INFO SecurityManager: Changing view acls groups to:
[2023-03-03 11:01:26,688] {spark_submit.py:495} INFO - 23/03/03 11:01:26 INFO SecurityManager: Changing modify acls groups to:
[2023-03-03 11:01:26,689] {spark_submit.py:495} INFO - 23/03/03 11:01:26 INFO SecurityManager: SecurityManager: authentication disabled; ui acls disabled; users  with view permissions: Set(***); groups with view permissions: Set(); users  with modify permissions: Set(***); groups with modify permissions: Set()
[2023-03-03 11:01:27,014] {spark_submit.py:495} INFO - 23/03/03 11:01:27 INFO Utils: Successfully started service 'sparkDriver' on port 43137.
[2023-03-03 11:01:27,071] {spark_submit.py:495} INFO - 23/03/03 11:01:27 INFO SparkEnv: Registering MapOutputTracker
[2023-03-03 11:01:27,127] {spark_submit.py:495} INFO - 23/03/03 11:01:27 INFO SparkEnv: Registering BlockManagerMaster
[2023-03-03 11:01:27,155] {spark_submit.py:495} INFO - 23/03/03 11:01:27 INFO BlockManagerMasterEndpoint: Using org.apache.spark.storage.DefaultTopologyMapper for getting topology information
[2023-03-03 11:01:27,156] {spark_submit.py:495} INFO - 23/03/03 11:01:27 INFO BlockManagerMasterEndpoint: BlockManagerMasterEndpoint up
[2023-03-03 11:01:27,164] {spark_submit.py:495} INFO - 23/03/03 11:01:27 INFO SparkEnv: Registering BlockManagerMasterHeartbeat
[2023-03-03 11:01:27,198] {spark_submit.py:495} INFO - 23/03/03 11:01:27 INFO DiskBlockManager: Created local directory at /tmp/blockmgr-b2710158-5b45-4f93-942f-d7ec171a4379
[2023-03-03 11:01:27,222] {spark_submit.py:495} INFO - 23/03/03 11:01:27 INFO MemoryStore: MemoryStore started with capacity 434.4 MiB
[2023-03-03 11:01:27,248] {spark_submit.py:495} INFO - 23/03/03 11:01:27 INFO SparkEnv: Registering OutputCommitCoordinator
[2023-03-03 11:01:27,563] {spark_submit.py:495} INFO - 23/03/03 11:01:27 INFO Utils: Successfully started service 'SparkUI' on port 4040.
[2023-03-03 11:01:27,707] {spark_submit.py:495} INFO - 23/03/03 11:01:27 INFO Executor: Starting executor ID driver on host bc6e20906570
[2023-03-03 11:01:27,718] {spark_submit.py:495} INFO - 23/03/03 11:01:27 INFO Executor: Starting executor with user classpath (userClassPathFirst = false): ''
[2023-03-03 11:01:27,743] {spark_submit.py:495} INFO - 23/03/03 11:01:27 INFO Utils: Successfully started service 'org.apache.spark.network.netty.NettyBlockTransferService' on port 37327.
[2023-03-03 11:01:27,744] {spark_submit.py:495} INFO - 23/03/03 11:01:27 INFO NettyBlockTransferService: Server created on bc6e20906570:37327
[2023-03-03 11:01:27,747] {spark_submit.py:495} INFO - 23/03/03 11:01:27 INFO BlockManager: Using org.apache.spark.storage.RandomBlockReplicationPolicy for block replication policy
[2023-03-03 11:01:27,755] {spark_submit.py:495} INFO - 23/03/03 11:01:27 INFO BlockManagerMaster: Registering BlockManager BlockManagerId(driver, bc6e20906570, 37327, None)
[2023-03-03 11:01:27,761] {spark_submit.py:495} INFO - 23/03/03 11:01:27 INFO BlockManagerMasterEndpoint: Registering block manager bc6e20906570:37327 with 434.4 MiB RAM, BlockManagerId(driver, bc6e20906570, 37327, None)
[2023-03-03 11:01:27,766] {spark_submit.py:495} INFO - 23/03/03 11:01:27 INFO BlockManagerMaster: Registered BlockManager BlockManagerId(driver, bc6e20906570, 37327, None)
[2023-03-03 11:01:27,768] {spark_submit.py:495} INFO - 23/03/03 11:01:27 INFO BlockManager: Initialized BlockManager: BlockManagerId(driver, bc6e20906570, 37327, None)
[2023-03-03 11:01:28,072] {spark_submit.py:495} INFO - /opt/spark-3.3.2-bin-hadoop3/python/lib/pyspark.zip/pyspark/sql/context.py:114: FutureWarning: Deprecated in 3.0.0. Use SparkSession.builder.getOrCreate() instead.
[2023-03-03 11:01:28,307] {spark_submit.py:495} INFO - 23/03/03 11:01:28 INFO SharedState: Setting hive.metastore.warehouse.dir ('null') to the value of spark.sql.warehouse.dir.
[2023-03-03 11:01:28,316] {spark_submit.py:495} INFO - 23/03/03 11:01:28 INFO SharedState: Warehouse path is 'file:/home/***/spark-warehouse'.
[2023-03-03 11:01:29,634] {spark_submit.py:495} INFO - Traceback (most recent call last):
[2023-03-03 11:01:29,635] {spark_submit.py:495} INFO - File "/hadoop-data/map_reduce/spark/average_price.py", line 20, in <module>
[2023-03-03 11:01:29,635] {spark_submit.py:495} INFO - calculate_avg()
[2023-03-03 11:01:29,635] {spark_submit.py:495} INFO - File "/hadoop-data/map_reduce/spark/average_price.py", line 6, in calculate_avg
[2023-03-03 11:01:29,635] {spark_submit.py:495} INFO - df_load = sqlContext.read.option("header",True).csv('hdfs://namenode:8020/user/root/input/Sales.csv')
[2023-03-03 11:01:29,635] {spark_submit.py:495} INFO - File "/opt/spark-3.3.2-bin-hadoop3/python/lib/pyspark.zip/pyspark/sql/readwriter.py", line 535, in csv
[2023-03-03 11:01:29,636] {spark_submit.py:495} INFO - File "/opt/spark-3.3.2-bin-hadoop3/python/lib/py4j-0.10.9.5-src.zip/py4j/java_gateway.py", line 1322, in __call__
[2023-03-03 11:01:29,636] {spark_submit.py:495} INFO - File "/opt/spark-3.3.2-bin-hadoop3/python/lib/pyspark.zip/pyspark/sql/utils.py", line 196, in deco
[2023-03-03 11:01:29,646] {spark_submit.py:495} INFO - pyspark.sql.utils.AnalysisException: Path does not exist: hdfs://namenode:8020/user/root/input/Sales.csv
[2023-03-03 11:01:29,687] {spark_submit.py:495} INFO - 23/03/03 11:01:29 INFO SparkContext: Invoking stop() from shutdown hook
[2023-03-03 11:01:29,700] {spark_submit.py:495} INFO - 23/03/03 11:01:29 INFO SparkUI: Stopped Spark web UI at http://bc6e20906570:4040
[2023-03-03 11:01:29,717] {spark_submit.py:495} INFO - 23/03/03 11:01:29 INFO MapOutputTrackerMasterEndpoint: MapOutputTrackerMasterEndpoint stopped!
[2023-03-03 11:01:29,730] {spark_submit.py:495} INFO - 23/03/03 11:01:29 INFO MemoryStore: MemoryStore cleared
[2023-03-03 11:01:29,730] {spark_submit.py:495} INFO - 23/03/03 11:01:29 INFO BlockManager: BlockManager stopped
[2023-03-03 11:01:29,739] {spark_submit.py:495} INFO - 23/03/03 11:01:29 INFO BlockManagerMaster: BlockManagerMaster stopped
[2023-03-03 11:01:29,744] {spark_submit.py:495} INFO - 23/03/03 11:01:29 INFO OutputCommitCoordinator$OutputCommitCoordinatorEndpoint: OutputCommitCoordinator stopped!
[2023-03-03 11:01:29,751] {spark_submit.py:495} INFO - 23/03/03 11:01:29 INFO SparkContext: Successfully stopped SparkContext
[2023-03-03 11:01:29,751] {spark_submit.py:495} INFO - 23/03/03 11:01:29 INFO ShutdownHookManager: Shutdown hook called
[2023-03-03 11:01:29,752] {spark_submit.py:495} INFO - 23/03/03 11:01:29 INFO ShutdownHookManager: Deleting directory /tmp/spark-180512c9-d660-4d77-8c3d-8156f14aef2a
[2023-03-03 11:01:29,756] {spark_submit.py:495} INFO - 23/03/03 11:01:29 INFO ShutdownHookManager: Deleting directory /tmp/spark-0537b260-532a-48bd-a33c-bf3b50b80c0f/pyspark-e6a9e541-559e-48ab-ae36-c4f6c7da3cb5
[2023-03-03 11:01:29,762] {spark_submit.py:495} INFO - 23/03/03 11:01:29 INFO ShutdownHookManager: Deleting directory /tmp/spark-0537b260-532a-48bd-a33c-bf3b50b80c0f
[2023-03-03 11:01:29,872] {taskinstance.py:1889} ERROR - Task failed with exception
Traceback (most recent call last):
  File "/usr/local/lib/python3.7/site-packages/airflow/providers/apache/spark/operators/spark_submit.py", line 157, in execute
    self._hook.submit(self._application)
  File "/usr/local/lib/python3.7/site-packages/airflow/providers/apache/spark/hooks/spark_submit.py", line 427, in submit
    f"Cannot execute: {self._mask_cmd(spark_submit_cmd)}. Error code is: {returncode}."
airflow.exceptions.AirflowException: Cannot execute: spark-submit --master local[*] --name arrow-spark /hadoop-data/map_reduce/spark/average_price.py. Error code is: 1.
[2023-03-03 11:01:29,879] {taskinstance.py:1400} INFO - Marking task as UP_FOR_RETRY. dag_id=avg_product_price, task_id=spark_submit, execution_date=20230303T105651, start_date=20230303T110123, end_date=20230303T110129
[2023-03-03 11:01:29,894] {standard_task_runner.py:97} ERROR - Failed to execute job 6 for task spark_submit (Cannot execute: spark-submit --master local[*] --name arrow-spark /hadoop-data/map_reduce/spark/average_price.py. Error code is: 1.; 2112)
[2023-03-03 11:01:29,950] {local_task_job.py:156} INFO - Task exited with return code 1
[2023-03-03 11:01:29,994] {local_task_job.py:273} INFO - 0 downstream tasks scheduled from follow-on schedule check
