[2023-03-03 11:07:46,085] {taskinstance.py:1159} INFO - Dependencies all met for <TaskInstance: avg_product_price.spark_submit manual__2023-03-03T11:02:36.853052+00:00 [queued]>
[2023-03-03 11:07:46,097] {taskinstance.py:1159} INFO - Dependencies all met for <TaskInstance: avg_product_price.spark_submit manual__2023-03-03T11:02:36.853052+00:00 [queued]>
[2023-03-03 11:07:46,097] {taskinstance.py:1356} INFO - 
--------------------------------------------------------------------------------
[2023-03-03 11:07:46,097] {taskinstance.py:1357} INFO - Starting attempt 2 of 2
[2023-03-03 11:07:46,097] {taskinstance.py:1358} INFO - 
--------------------------------------------------------------------------------
[2023-03-03 11:07:46,112] {taskinstance.py:1377} INFO - Executing <Task(SparkSubmitOperator): spark_submit> on 2023-03-03 11:02:36.853052+00:00
[2023-03-03 11:07:46,117] {standard_task_runner.py:52} INFO - Started process 2529 to run task
[2023-03-03 11:07:46,122] {standard_task_runner.py:79} INFO - Running: ['***', 'tasks', 'run', 'avg_product_price', 'spark_submit', 'manual__2023-03-03T11:02:36.853052+00:00', '--job-id', '8', '--raw', '--subdir', 'DAGS_FOLDER/avg_product_price.py', '--cfg-path', '/tmp/tmpgezg2r62', '--error-file', '/tmp/tmp5a77m2we']
[2023-03-03 11:07:46,124] {standard_task_runner.py:80} INFO - Job 8: Subtask spark_submit
[2023-03-03 11:07:46,179] {task_command.py:370} INFO - Running <TaskInstance: avg_product_price.spark_submit manual__2023-03-03T11:02:36.853052+00:00 [running]> on host bc6e20906570
[2023-03-03 11:07:46,257] {taskinstance.py:1571} INFO - Exporting the following env vars:
AIRFLOW_CTX_DAG_OWNER=ayyoub
AIRFLOW_CTX_DAG_ID=avg_product_price
AIRFLOW_CTX_TASK_ID=spark_submit
AIRFLOW_CTX_EXECUTION_DATE=2023-03-03T11:02:36.853052+00:00
AIRFLOW_CTX_TRY_NUMBER=2
AIRFLOW_CTX_DAG_RUN_ID=manual__2023-03-03T11:02:36.853052+00:00
[2023-03-03 11:07:46,267] {base.py:68} INFO - Using connection ID 'spark-hadoop' for task execution.
[2023-03-03 11:07:46,268] {spark_submit.py:344} INFO - Spark-Submit cmd: spark-submit --master local[*] --name arrow-spark /hadoop-data/map_reduce/spark/average_price.py
[2023-03-03 11:07:48,795] {spark_submit.py:495} INFO - 23/03/03 11:07:48 INFO SparkContext: Running Spark version 3.3.2
[2023-03-03 11:07:48,872] {spark_submit.py:495} INFO - 23/03/03 11:07:48 WARN NativeCodeLoader: Unable to load native-hadoop library for your platform... using builtin-java classes where applicable
[2023-03-03 11:07:48,966] {spark_submit.py:495} INFO - 23/03/03 11:07:48 INFO ResourceUtils: ==============================================================
[2023-03-03 11:07:48,967] {spark_submit.py:495} INFO - 23/03/03 11:07:48 INFO ResourceUtils: No custom resources configured for spark.driver.
[2023-03-03 11:07:48,968] {spark_submit.py:495} INFO - 23/03/03 11:07:48 INFO ResourceUtils: ==============================================================
[2023-03-03 11:07:48,969] {spark_submit.py:495} INFO - 23/03/03 11:07:48 INFO SparkContext: Submitted application: average_product_price
[2023-03-03 11:07:48,996] {spark_submit.py:495} INFO - 23/03/03 11:07:48 INFO ResourceProfile: Default ResourceProfile created, executor resources: Map(cores -> name: cores, amount: 1, script: , vendor: , memory -> name: memory, amount: 1024, script: , vendor: , offHeap -> name: offHeap, amount: 0, script: , vendor: ), task resources: Map(cpus -> name: cpus, amount: 1.0)
[2023-03-03 11:07:49,011] {spark_submit.py:495} INFO - 23/03/03 11:07:49 INFO ResourceProfile: Limiting resource is cpu
[2023-03-03 11:07:49,012] {spark_submit.py:495} INFO - 23/03/03 11:07:49 INFO ResourceProfileManager: Added ResourceProfile id: 0
[2023-03-03 11:07:49,082] {spark_submit.py:495} INFO - 23/03/03 11:07:49 INFO SecurityManager: Changing view acls to: ***
[2023-03-03 11:07:49,083] {spark_submit.py:495} INFO - 23/03/03 11:07:49 INFO SecurityManager: Changing modify acls to: ***
[2023-03-03 11:07:49,083] {spark_submit.py:495} INFO - 23/03/03 11:07:49 INFO SecurityManager: Changing view acls groups to:
[2023-03-03 11:07:49,084] {spark_submit.py:495} INFO - 23/03/03 11:07:49 INFO SecurityManager: Changing modify acls groups to:
[2023-03-03 11:07:49,085] {spark_submit.py:495} INFO - 23/03/03 11:07:49 INFO SecurityManager: SecurityManager: authentication disabled; ui acls disabled; users  with view permissions: Set(***); groups with view permissions: Set(); users  with modify permissions: Set(***); groups with modify permissions: Set()
[2023-03-03 11:07:49,379] {spark_submit.py:495} INFO - 23/03/03 11:07:49 INFO Utils: Successfully started service 'sparkDriver' on port 43777.
[2023-03-03 11:07:49,431] {spark_submit.py:495} INFO - 23/03/03 11:07:49 INFO SparkEnv: Registering MapOutputTracker
[2023-03-03 11:07:49,481] {spark_submit.py:495} INFO - 23/03/03 11:07:49 INFO SparkEnv: Registering BlockManagerMaster
[2023-03-03 11:07:49,508] {spark_submit.py:495} INFO - 23/03/03 11:07:49 INFO BlockManagerMasterEndpoint: Using org.apache.spark.storage.DefaultTopologyMapper for getting topology information
[2023-03-03 11:07:49,509] {spark_submit.py:495} INFO - 23/03/03 11:07:49 INFO BlockManagerMasterEndpoint: BlockManagerMasterEndpoint up
[2023-03-03 11:07:49,515] {spark_submit.py:495} INFO - 23/03/03 11:07:49 INFO SparkEnv: Registering BlockManagerMasterHeartbeat
[2023-03-03 11:07:49,548] {spark_submit.py:495} INFO - 23/03/03 11:07:49 INFO DiskBlockManager: Created local directory at /tmp/blockmgr-2e2dcb7d-3866-4946-82bf-fbdb4cb0a7d4
[2023-03-03 11:07:49,574] {spark_submit.py:495} INFO - 23/03/03 11:07:49 INFO MemoryStore: MemoryStore started with capacity 434.4 MiB
[2023-03-03 11:07:49,598] {spark_submit.py:495} INFO - 23/03/03 11:07:49 INFO SparkEnv: Registering OutputCommitCoordinator
[2023-03-03 11:07:49,885] {spark_submit.py:495} INFO - 23/03/03 11:07:49 INFO Utils: Successfully started service 'SparkUI' on port 4040.
[2023-03-03 11:07:50,004] {spark_submit.py:495} INFO - 23/03/03 11:07:50 INFO Executor: Starting executor ID driver on host bc6e20906570
[2023-03-03 11:07:50,012] {spark_submit.py:495} INFO - 23/03/03 11:07:50 INFO Executor: Starting executor with user classpath (userClassPathFirst = false): ''
[2023-03-03 11:07:50,039] {spark_submit.py:495} INFO - 23/03/03 11:07:50 INFO Utils: Successfully started service 'org.apache.spark.network.netty.NettyBlockTransferService' on port 46123.
[2023-03-03 11:07:50,039] {spark_submit.py:495} INFO - 23/03/03 11:07:50 INFO NettyBlockTransferService: Server created on bc6e20906570:46123
[2023-03-03 11:07:50,042] {spark_submit.py:495} INFO - 23/03/03 11:07:50 INFO BlockManager: Using org.apache.spark.storage.RandomBlockReplicationPolicy for block replication policy
[2023-03-03 11:07:50,052] {spark_submit.py:495} INFO - 23/03/03 11:07:50 INFO BlockManagerMaster: Registering BlockManager BlockManagerId(driver, bc6e20906570, 46123, None)
[2023-03-03 11:07:50,057] {spark_submit.py:495} INFO - 23/03/03 11:07:50 INFO BlockManagerMasterEndpoint: Registering block manager bc6e20906570:46123 with 434.4 MiB RAM, BlockManagerId(driver, bc6e20906570, 46123, None)
[2023-03-03 11:07:50,061] {spark_submit.py:495} INFO - 23/03/03 11:07:50 INFO BlockManagerMaster: Registered BlockManager BlockManagerId(driver, bc6e20906570, 46123, None)
[2023-03-03 11:07:50,063] {spark_submit.py:495} INFO - 23/03/03 11:07:50 INFO BlockManager: Initialized BlockManager: BlockManagerId(driver, bc6e20906570, 46123, None)
[2023-03-03 11:07:50,335] {spark_submit.py:495} INFO - /opt/spark-3.3.2-bin-hadoop3/python/lib/pyspark.zip/pyspark/sql/context.py:114: FutureWarning: Deprecated in 3.0.0. Use SparkSession.builder.getOrCreate() instead.
[2023-03-03 11:07:50,553] {spark_submit.py:495} INFO - 23/03/03 11:07:50 INFO SharedState: Setting hive.metastore.warehouse.dir ('null') to the value of spark.sql.warehouse.dir.
[2023-03-03 11:07:50,564] {spark_submit.py:495} INFO - 23/03/03 11:07:50 INFO SharedState: Warehouse path is 'file:/home/***/spark-warehouse'.
[2023-03-03 11:07:51,866] {spark_submit.py:495} INFO - Traceback (most recent call last):
[2023-03-03 11:07:51,866] {spark_submit.py:495} INFO - File "/hadoop-data/map_reduce/spark/average_price.py", line 20, in <module>
[2023-03-03 11:07:51,866] {spark_submit.py:495} INFO - calculate_avg()
[2023-03-03 11:07:51,867] {spark_submit.py:495} INFO - File "/hadoop-data/map_reduce/spark/average_price.py", line 6, in calculate_avg
[2023-03-03 11:07:51,867] {spark_submit.py:495} INFO - df_load = sqlContext.read.option("header",True).csv('hdfs://namenode:8020/user/root/input/Sales.csv')
[2023-03-03 11:07:51,868] {spark_submit.py:495} INFO - File "/opt/spark-3.3.2-bin-hadoop3/python/lib/pyspark.zip/pyspark/sql/readwriter.py", line 535, in csv
[2023-03-03 11:07:51,868] {spark_submit.py:495} INFO - File "/opt/spark-3.3.2-bin-hadoop3/python/lib/py4j-0.10.9.5-src.zip/py4j/java_gateway.py", line 1322, in __call__
[2023-03-03 11:07:51,868] {spark_submit.py:495} INFO - File "/opt/spark-3.3.2-bin-hadoop3/python/lib/pyspark.zip/pyspark/sql/utils.py", line 196, in deco
[2023-03-03 11:07:51,876] {spark_submit.py:495} INFO - pyspark.sql.utils.AnalysisException: Path does not exist: hdfs://namenode:8020/user/root/input/Sales.csv
[2023-03-03 11:07:51,917] {spark_submit.py:495} INFO - 23/03/03 11:07:51 INFO SparkContext: Invoking stop() from shutdown hook
[2023-03-03 11:07:51,930] {spark_submit.py:495} INFO - 23/03/03 11:07:51 INFO SparkUI: Stopped Spark web UI at http://bc6e20906570:4040
[2023-03-03 11:07:51,945] {spark_submit.py:495} INFO - 23/03/03 11:07:51 INFO MapOutputTrackerMasterEndpoint: MapOutputTrackerMasterEndpoint stopped!
[2023-03-03 11:07:51,960] {spark_submit.py:495} INFO - 23/03/03 11:07:51 INFO MemoryStore: MemoryStore cleared
[2023-03-03 11:07:51,960] {spark_submit.py:495} INFO - 23/03/03 11:07:51 INFO BlockManager: BlockManager stopped
[2023-03-03 11:07:51,969] {spark_submit.py:495} INFO - 23/03/03 11:07:51 INFO BlockManagerMaster: BlockManagerMaster stopped
[2023-03-03 11:07:51,974] {spark_submit.py:495} INFO - 23/03/03 11:07:51 INFO OutputCommitCoordinator$OutputCommitCoordinatorEndpoint: OutputCommitCoordinator stopped!
[2023-03-03 11:07:51,981] {spark_submit.py:495} INFO - 23/03/03 11:07:51 INFO SparkContext: Successfully stopped SparkContext
[2023-03-03 11:07:51,982] {spark_submit.py:495} INFO - 23/03/03 11:07:51 INFO ShutdownHookManager: Shutdown hook called
[2023-03-03 11:07:51,983] {spark_submit.py:495} INFO - 23/03/03 11:07:51 INFO ShutdownHookManager: Deleting directory /tmp/spark-3b6e3d1e-a69d-467f-a5c9-72bc1a57c95f
[2023-03-03 11:07:51,988] {spark_submit.py:495} INFO - 23/03/03 11:07:51 INFO ShutdownHookManager: Deleting directory /tmp/spark-3b6e3d1e-a69d-467f-a5c9-72bc1a57c95f/pyspark-6eb7fd30-671f-454b-8f55-53f835682cd1
[2023-03-03 11:07:51,991] {spark_submit.py:495} INFO - 23/03/03 11:07:51 INFO ShutdownHookManager: Deleting directory /tmp/spark-9bf5ab92-3a65-4331-959c-3e0a0be54537
[2023-03-03 11:07:52,088] {taskinstance.py:1889} ERROR - Task failed with exception
Traceback (most recent call last):
  File "/usr/local/lib/python3.7/site-packages/airflow/providers/apache/spark/operators/spark_submit.py", line 157, in execute
    self._hook.submit(self._application)
  File "/usr/local/lib/python3.7/site-packages/airflow/providers/apache/spark/hooks/spark_submit.py", line 427, in submit
    f"Cannot execute: {self._mask_cmd(spark_submit_cmd)}. Error code is: {returncode}."
airflow.exceptions.AirflowException: Cannot execute: spark-submit --master local[*] --name arrow-spark /hadoop-data/map_reduce/spark/average_price.py. Error code is: 1.
[2023-03-03 11:07:52,093] {taskinstance.py:1400} INFO - Marking task as FAILED. dag_id=avg_product_price, task_id=spark_submit, execution_date=20230303T110236, start_date=20230303T110746, end_date=20230303T110752
[2023-03-03 11:07:52,108] {standard_task_runner.py:97} ERROR - Failed to execute job 8 for task spark_submit (Cannot execute: spark-submit --master local[*] --name arrow-spark /hadoop-data/map_reduce/spark/average_price.py. Error code is: 1.; 2529)
[2023-03-03 11:07:52,132] {local_task_job.py:156} INFO - Task exited with return code 1
[2023-03-03 11:07:52,174] {local_task_job.py:273} INFO - 0 downstream tasks scheduled from follow-on schedule check
