[2023-03-03 11:02:38,590] {taskinstance.py:1159} INFO - Dependencies all met for <TaskInstance: avg_product_price.spark_submit manual__2023-03-03T11:02:36.853052+00:00 [queued]>
[2023-03-03 11:02:38,604] {taskinstance.py:1159} INFO - Dependencies all met for <TaskInstance: avg_product_price.spark_submit manual__2023-03-03T11:02:36.853052+00:00 [queued]>
[2023-03-03 11:02:38,604] {taskinstance.py:1356} INFO - 
--------------------------------------------------------------------------------
[2023-03-03 11:02:38,604] {taskinstance.py:1357} INFO - Starting attempt 1 of 2
[2023-03-03 11:02:38,605] {taskinstance.py:1358} INFO - 
--------------------------------------------------------------------------------
[2023-03-03 11:02:38,621] {taskinstance.py:1377} INFO - Executing <Task(SparkSubmitOperator): spark_submit> on 2023-03-03 11:02:36.853052+00:00
[2023-03-03 11:02:38,630] {standard_task_runner.py:52} INFO - Started process 2281 to run task
[2023-03-03 11:02:38,634] {standard_task_runner.py:79} INFO - Running: ['***', 'tasks', 'run', 'avg_product_price', 'spark_submit', 'manual__2023-03-03T11:02:36.853052+00:00', '--job-id', '7', '--raw', '--subdir', 'DAGS_FOLDER/avg_product_price.py', '--cfg-path', '/tmp/tmpxpy4dpsf', '--error-file', '/tmp/tmp4q8zy81i']
[2023-03-03 11:02:38,636] {standard_task_runner.py:80} INFO - Job 7: Subtask spark_submit
[2023-03-03 11:02:38,702] {task_command.py:370} INFO - Running <TaskInstance: avg_product_price.spark_submit manual__2023-03-03T11:02:36.853052+00:00 [running]> on host bc6e20906570
[2023-03-03 11:02:38,795] {taskinstance.py:1571} INFO - Exporting the following env vars:
AIRFLOW_CTX_DAG_OWNER=ayyoub
AIRFLOW_CTX_DAG_ID=avg_product_price
AIRFLOW_CTX_TASK_ID=spark_submit
AIRFLOW_CTX_EXECUTION_DATE=2023-03-03T11:02:36.853052+00:00
AIRFLOW_CTX_TRY_NUMBER=1
AIRFLOW_CTX_DAG_RUN_ID=manual__2023-03-03T11:02:36.853052+00:00
[2023-03-03 11:02:38,807] {base.py:68} INFO - Using connection ID 'spark-hadoop' for task execution.
[2023-03-03 11:02:38,808] {spark_submit.py:344} INFO - Spark-Submit cmd: spark-submit --master local[*] --name arrow-spark /hadoop-data/map_reduce/spark/average_price.py
[2023-03-03 11:02:41,435] {spark_submit.py:495} INFO - 23/03/03 11:02:41 INFO SparkContext: Running Spark version 3.3.2
[2023-03-03 11:02:41,509] {spark_submit.py:495} INFO - 23/03/03 11:02:41 WARN NativeCodeLoader: Unable to load native-hadoop library for your platform... using builtin-java classes where applicable
[2023-03-03 11:02:41,635] {spark_submit.py:495} INFO - 23/03/03 11:02:41 INFO ResourceUtils: ==============================================================
[2023-03-03 11:02:41,636] {spark_submit.py:495} INFO - 23/03/03 11:02:41 INFO ResourceUtils: No custom resources configured for spark.driver.
[2023-03-03 11:02:41,636] {spark_submit.py:495} INFO - 23/03/03 11:02:41 INFO ResourceUtils: ==============================================================
[2023-03-03 11:02:41,637] {spark_submit.py:495} INFO - 23/03/03 11:02:41 INFO SparkContext: Submitted application: average_product_price
[2023-03-03 11:02:41,665] {spark_submit.py:495} INFO - 23/03/03 11:02:41 INFO ResourceProfile: Default ResourceProfile created, executor resources: Map(cores -> name: cores, amount: 1, script: , vendor: , memory -> name: memory, amount: 1024, script: , vendor: , offHeap -> name: offHeap, amount: 0, script: , vendor: ), task resources: Map(cpus -> name: cpus, amount: 1.0)
[2023-03-03 11:02:41,680] {spark_submit.py:495} INFO - 23/03/03 11:02:41 INFO ResourceProfile: Limiting resource is cpu
[2023-03-03 11:02:41,680] {spark_submit.py:495} INFO - 23/03/03 11:02:41 INFO ResourceProfileManager: Added ResourceProfile id: 0
[2023-03-03 11:02:41,750] {spark_submit.py:495} INFO - 23/03/03 11:02:41 INFO SecurityManager: Changing view acls to: ***
[2023-03-03 11:02:41,750] {spark_submit.py:495} INFO - 23/03/03 11:02:41 INFO SecurityManager: Changing modify acls to: ***
[2023-03-03 11:02:41,751] {spark_submit.py:495} INFO - 23/03/03 11:02:41 INFO SecurityManager: Changing view acls groups to:
[2023-03-03 11:02:41,752] {spark_submit.py:495} INFO - 23/03/03 11:02:41 INFO SecurityManager: Changing modify acls groups to:
[2023-03-03 11:02:41,753] {spark_submit.py:495} INFO - 23/03/03 11:02:41 INFO SecurityManager: SecurityManager: authentication disabled; ui acls disabled; users  with view permissions: Set(***); groups with view permissions: Set(); users  with modify permissions: Set(***); groups with modify permissions: Set()
[2023-03-03 11:02:42,074] {spark_submit.py:495} INFO - 23/03/03 11:02:42 INFO Utils: Successfully started service 'sparkDriver' on port 41313.
[2023-03-03 11:02:42,146] {spark_submit.py:495} INFO - 23/03/03 11:02:42 INFO SparkEnv: Registering MapOutputTracker
[2023-03-03 11:02:42,192] {spark_submit.py:495} INFO - 23/03/03 11:02:42 INFO SparkEnv: Registering BlockManagerMaster
[2023-03-03 11:02:42,214] {spark_submit.py:495} INFO - 23/03/03 11:02:42 INFO BlockManagerMasterEndpoint: Using org.apache.spark.storage.DefaultTopologyMapper for getting topology information
[2023-03-03 11:02:42,215] {spark_submit.py:495} INFO - 23/03/03 11:02:42 INFO BlockManagerMasterEndpoint: BlockManagerMasterEndpoint up
[2023-03-03 11:02:42,221] {spark_submit.py:495} INFO - 23/03/03 11:02:42 INFO SparkEnv: Registering BlockManagerMasterHeartbeat
[2023-03-03 11:02:42,254] {spark_submit.py:495} INFO - 23/03/03 11:02:42 INFO DiskBlockManager: Created local directory at /tmp/blockmgr-36f6fba9-4b7a-4817-a59b-c57438f73311
[2023-03-03 11:02:42,276] {spark_submit.py:495} INFO - 23/03/03 11:02:42 INFO MemoryStore: MemoryStore started with capacity 434.4 MiB
[2023-03-03 11:02:42,298] {spark_submit.py:495} INFO - 23/03/03 11:02:42 INFO SparkEnv: Registering OutputCommitCoordinator
[2023-03-03 11:02:42,567] {spark_submit.py:495} INFO - 23/03/03 11:02:42 INFO Utils: Successfully started service 'SparkUI' on port 4040.
[2023-03-03 11:02:42,690] {spark_submit.py:495} INFO - 23/03/03 11:02:42 INFO Executor: Starting executor ID driver on host bc6e20906570
[2023-03-03 11:02:42,699] {spark_submit.py:495} INFO - 23/03/03 11:02:42 INFO Executor: Starting executor with user classpath (userClassPathFirst = false): ''
[2023-03-03 11:02:42,724] {spark_submit.py:495} INFO - 23/03/03 11:02:42 INFO Utils: Successfully started service 'org.apache.spark.network.netty.NettyBlockTransferService' on port 37249.
[2023-03-03 11:02:42,725] {spark_submit.py:495} INFO - 23/03/03 11:02:42 INFO NettyBlockTransferService: Server created on bc6e20906570:37249
[2023-03-03 11:02:42,728] {spark_submit.py:495} INFO - 23/03/03 11:02:42 INFO BlockManager: Using org.apache.spark.storage.RandomBlockReplicationPolicy for block replication policy
[2023-03-03 11:02:42,736] {spark_submit.py:495} INFO - 23/03/03 11:02:42 INFO BlockManagerMaster: Registering BlockManager BlockManagerId(driver, bc6e20906570, 37249, None)
[2023-03-03 11:02:42,741] {spark_submit.py:495} INFO - 23/03/03 11:02:42 INFO BlockManagerMasterEndpoint: Registering block manager bc6e20906570:37249 with 434.4 MiB RAM, BlockManagerId(driver, bc6e20906570, 37249, None)
[2023-03-03 11:02:42,745] {spark_submit.py:495} INFO - 23/03/03 11:02:42 INFO BlockManagerMaster: Registered BlockManager BlockManagerId(driver, bc6e20906570, 37249, None)
[2023-03-03 11:02:42,747] {spark_submit.py:495} INFO - 23/03/03 11:02:42 INFO BlockManager: Initialized BlockManager: BlockManagerId(driver, bc6e20906570, 37249, None)
[2023-03-03 11:02:43,014] {spark_submit.py:495} INFO - /opt/spark-3.3.2-bin-hadoop3/python/lib/pyspark.zip/pyspark/sql/context.py:114: FutureWarning: Deprecated in 3.0.0. Use SparkSession.builder.getOrCreate() instead.
[2023-03-03 11:02:43,259] {spark_submit.py:495} INFO - 23/03/03 11:02:43 INFO SharedState: Setting hive.metastore.warehouse.dir ('null') to the value of spark.sql.warehouse.dir.
[2023-03-03 11:02:43,268] {spark_submit.py:495} INFO - 23/03/03 11:02:43 INFO SharedState: Warehouse path is 'file:/home/***/spark-warehouse'.
[2023-03-03 11:02:44,736] {spark_submit.py:495} INFO - Traceback (most recent call last):
[2023-03-03 11:02:44,736] {spark_submit.py:495} INFO - File "/hadoop-data/map_reduce/spark/average_price.py", line 20, in <module>
[2023-03-03 11:02:44,737] {spark_submit.py:495} INFO - calculate_avg()
[2023-03-03 11:02:44,737] {spark_submit.py:495} INFO - File "/hadoop-data/map_reduce/spark/average_price.py", line 6, in calculate_avg
[2023-03-03 11:02:44,737] {spark_submit.py:495} INFO - df_load = sqlContext.read.option("header",True).csv('hdfs://namenode:8020/user/root/input/Sales.csv')
[2023-03-03 11:02:44,737] {spark_submit.py:495} INFO - File "/opt/spark-3.3.2-bin-hadoop3/python/lib/pyspark.zip/pyspark/sql/readwriter.py", line 535, in csv
[2023-03-03 11:02:44,738] {spark_submit.py:495} INFO - File "/opt/spark-3.3.2-bin-hadoop3/python/lib/py4j-0.10.9.5-src.zip/py4j/java_gateway.py", line 1322, in __call__
[2023-03-03 11:02:44,738] {spark_submit.py:495} INFO - File "/opt/spark-3.3.2-bin-hadoop3/python/lib/pyspark.zip/pyspark/sql/utils.py", line 196, in deco
[2023-03-03 11:02:44,748] {spark_submit.py:495} INFO - pyspark.sql.utils.AnalysisException: Path does not exist: hdfs://namenode:8020/user/root/input/Sales.csv
[2023-03-03 11:02:44,787] {spark_submit.py:495} INFO - 23/03/03 11:02:44 INFO SparkContext: Invoking stop() from shutdown hook
[2023-03-03 11:02:44,801] {spark_submit.py:495} INFO - 23/03/03 11:02:44 INFO SparkUI: Stopped Spark web UI at http://bc6e20906570:4040
[2023-03-03 11:02:44,815] {spark_submit.py:495} INFO - 23/03/03 11:02:44 INFO MapOutputTrackerMasterEndpoint: MapOutputTrackerMasterEndpoint stopped!
[2023-03-03 11:02:44,830] {spark_submit.py:495} INFO - 23/03/03 11:02:44 INFO MemoryStore: MemoryStore cleared
[2023-03-03 11:02:44,830] {spark_submit.py:495} INFO - 23/03/03 11:02:44 INFO BlockManager: BlockManager stopped
[2023-03-03 11:02:44,840] {spark_submit.py:495} INFO - 23/03/03 11:02:44 INFO BlockManagerMaster: BlockManagerMaster stopped
[2023-03-03 11:02:44,845] {spark_submit.py:495} INFO - 23/03/03 11:02:44 INFO OutputCommitCoordinator$OutputCommitCoordinatorEndpoint: OutputCommitCoordinator stopped!
[2023-03-03 11:02:44,852] {spark_submit.py:495} INFO - 23/03/03 11:02:44 INFO SparkContext: Successfully stopped SparkContext
[2023-03-03 11:02:44,852] {spark_submit.py:495} INFO - 23/03/03 11:02:44 INFO ShutdownHookManager: Shutdown hook called
[2023-03-03 11:02:44,853] {spark_submit.py:495} INFO - 23/03/03 11:02:44 INFO ShutdownHookManager: Deleting directory /tmp/spark-37249952-a63d-46a4-97bd-65bf6fed5bb9/pyspark-d112f16b-13e9-4707-a660-11da44a2b0d2
[2023-03-03 11:02:44,857] {spark_submit.py:495} INFO - 23/03/03 11:02:44 INFO ShutdownHookManager: Deleting directory /tmp/spark-37249952-a63d-46a4-97bd-65bf6fed5bb9
[2023-03-03 11:02:44,861] {spark_submit.py:495} INFO - 23/03/03 11:02:44 INFO ShutdownHookManager: Deleting directory /tmp/spark-41ec0957-5258-40ab-bf48-107cc0e186ae
[2023-03-03 11:02:44,962] {taskinstance.py:1889} ERROR - Task failed with exception
Traceback (most recent call last):
  File "/usr/local/lib/python3.7/site-packages/airflow/providers/apache/spark/operators/spark_submit.py", line 157, in execute
    self._hook.submit(self._application)
  File "/usr/local/lib/python3.7/site-packages/airflow/providers/apache/spark/hooks/spark_submit.py", line 427, in submit
    f"Cannot execute: {self._mask_cmd(spark_submit_cmd)}. Error code is: {returncode}."
airflow.exceptions.AirflowException: Cannot execute: spark-submit --master local[*] --name arrow-spark /hadoop-data/map_reduce/spark/average_price.py. Error code is: 1.
[2023-03-03 11:02:44,967] {taskinstance.py:1400} INFO - Marking task as UP_FOR_RETRY. dag_id=avg_product_price, task_id=spark_submit, execution_date=20230303T110236, start_date=20230303T110238, end_date=20230303T110244
[2023-03-03 11:02:44,987] {standard_task_runner.py:97} ERROR - Failed to execute job 7 for task spark_submit (Cannot execute: spark-submit --master local[*] --name arrow-spark /hadoop-data/map_reduce/spark/average_price.py. Error code is: 1.; 2281)
[2023-03-03 11:02:45,003] {local_task_job.py:156} INFO - Task exited with return code 1
[2023-03-03 11:02:45,045] {local_task_job.py:273} INFO - 0 downstream tasks scheduled from follow-on schedule check
