[2023-03-03 10:57:07,131] {taskinstance.py:1159} INFO - Dependencies all met for <TaskInstance: avg_product_price.spark_submit manual__2023-03-03T10:52:10.353041+00:00 [queued]>
[2023-03-03 10:57:07,140] {taskinstance.py:1159} INFO - Dependencies all met for <TaskInstance: avg_product_price.spark_submit manual__2023-03-03T10:52:10.353041+00:00 [queued]>
[2023-03-03 10:57:07,140] {taskinstance.py:1356} INFO - 
--------------------------------------------------------------------------------
[2023-03-03 10:57:07,140] {taskinstance.py:1357} INFO - Starting attempt 2 of 3
[2023-03-03 10:57:07,140] {taskinstance.py:1358} INFO - 
--------------------------------------------------------------------------------
[2023-03-03 10:57:07,158] {taskinstance.py:1377} INFO - Executing <Task(SparkSubmitOperator): spark_submit> on 2023-03-03 10:52:10.353041+00:00
[2023-03-03 10:57:07,165] {standard_task_runner.py:52} INFO - Started process 1735 to run task
[2023-03-03 10:57:07,168] {standard_task_runner.py:79} INFO - Running: ['***', 'tasks', 'run', 'avg_product_price', 'spark_submit', 'manual__2023-03-03T10:52:10.353041+00:00', '--job-id', '4', '--raw', '--subdir', 'DAGS_FOLDER/avg_product_price.py', '--cfg-path', '/tmp/tmpog6kbiv9', '--error-file', '/tmp/tmpwyyqcmlf']
[2023-03-03 10:57:07,170] {standard_task_runner.py:80} INFO - Job 4: Subtask spark_submit
[2023-03-03 10:57:07,224] {task_command.py:370} INFO - Running <TaskInstance: avg_product_price.spark_submit manual__2023-03-03T10:52:10.353041+00:00 [running]> on host bc6e20906570
[2023-03-03 10:57:07,293] {taskinstance.py:1571} INFO - Exporting the following env vars:
AIRFLOW_CTX_DAG_OWNER=ayyoub
AIRFLOW_CTX_DAG_ID=avg_product_price
AIRFLOW_CTX_TASK_ID=spark_submit
AIRFLOW_CTX_EXECUTION_DATE=2023-03-03T10:52:10.353041+00:00
AIRFLOW_CTX_TRY_NUMBER=2
AIRFLOW_CTX_DAG_RUN_ID=manual__2023-03-03T10:52:10.353041+00:00
[2023-03-03 10:57:07,304] {base.py:68} INFO - Using connection ID 'spark-hadoop' for task execution.
[2023-03-03 10:57:07,306] {spark_submit.py:344} INFO - Spark-Submit cmd: spark-submit --master local[*] --name arrow-spark /hadoop-data/map_reduce/spark/average_price.py
[2023-03-03 10:57:09,557] {spark_submit.py:495} INFO - 23/03/03 10:57:09 INFO SparkContext: Running Spark version 3.3.2
[2023-03-03 10:57:09,622] {spark_submit.py:495} INFO - 23/03/03 10:57:09 WARN NativeCodeLoader: Unable to load native-hadoop library for your platform... using builtin-java classes where applicable
[2023-03-03 10:57:09,708] {spark_submit.py:495} INFO - 23/03/03 10:57:09 INFO ResourceUtils: ==============================================================
[2023-03-03 10:57:09,708] {spark_submit.py:495} INFO - 23/03/03 10:57:09 INFO ResourceUtils: No custom resources configured for spark.driver.
[2023-03-03 10:57:09,709] {spark_submit.py:495} INFO - 23/03/03 10:57:09 INFO ResourceUtils: ==============================================================
[2023-03-03 10:57:09,709] {spark_submit.py:495} INFO - 23/03/03 10:57:09 INFO SparkContext: Submitted application: average_product_price
[2023-03-03 10:57:09,731] {spark_submit.py:495} INFO - 23/03/03 10:57:09 INFO ResourceProfile: Default ResourceProfile created, executor resources: Map(cores -> name: cores, amount: 1, script: , vendor: , memory -> name: memory, amount: 1024, script: , vendor: , offHeap -> name: offHeap, amount: 0, script: , vendor: ), task resources: Map(cpus -> name: cpus, amount: 1.0)
[2023-03-03 10:57:09,745] {spark_submit.py:495} INFO - 23/03/03 10:57:09 INFO ResourceProfile: Limiting resource is cpu
[2023-03-03 10:57:09,746] {spark_submit.py:495} INFO - 23/03/03 10:57:09 INFO ResourceProfileManager: Added ResourceProfile id: 0
[2023-03-03 10:57:09,814] {spark_submit.py:495} INFO - 23/03/03 10:57:09 INFO SecurityManager: Changing view acls to: ***
[2023-03-03 10:57:09,816] {spark_submit.py:495} INFO - 23/03/03 10:57:09 INFO SecurityManager: Changing modify acls to: ***
[2023-03-03 10:57:09,816] {spark_submit.py:495} INFO - 23/03/03 10:57:09 INFO SecurityManager: Changing view acls groups to:
[2023-03-03 10:57:09,817] {spark_submit.py:495} INFO - 23/03/03 10:57:09 INFO SecurityManager: Changing modify acls groups to:
[2023-03-03 10:57:09,818] {spark_submit.py:495} INFO - 23/03/03 10:57:09 INFO SecurityManager: SecurityManager: authentication disabled; ui acls disabled; users  with view permissions: Set(***); groups with view permissions: Set(); users  with modify permissions: Set(***); groups with modify permissions: Set()
[2023-03-03 10:57:10,107] {spark_submit.py:495} INFO - 23/03/03 10:57:10 INFO Utils: Successfully started service 'sparkDriver' on port 44361.
[2023-03-03 10:57:10,141] {spark_submit.py:495} INFO - 23/03/03 10:57:10 INFO SparkEnv: Registering MapOutputTracker
[2023-03-03 10:57:10,192] {spark_submit.py:495} INFO - 23/03/03 10:57:10 INFO SparkEnv: Registering BlockManagerMaster
[2023-03-03 10:57:10,212] {spark_submit.py:495} INFO - 23/03/03 10:57:10 INFO BlockManagerMasterEndpoint: Using org.apache.spark.storage.DefaultTopologyMapper for getting topology information
[2023-03-03 10:57:10,212] {spark_submit.py:495} INFO - 23/03/03 10:57:10 INFO BlockManagerMasterEndpoint: BlockManagerMasterEndpoint up
[2023-03-03 10:57:10,219] {spark_submit.py:495} INFO - 23/03/03 10:57:10 INFO SparkEnv: Registering BlockManagerMasterHeartbeat
[2023-03-03 10:57:10,240] {spark_submit.py:495} INFO - 23/03/03 10:57:10 INFO DiskBlockManager: Created local directory at /tmp/blockmgr-9a3832ac-8e77-44d4-b3f7-844e1075f6de
[2023-03-03 10:57:10,259] {spark_submit.py:495} INFO - 23/03/03 10:57:10 INFO MemoryStore: MemoryStore started with capacity 434.4 MiB
[2023-03-03 10:57:10,277] {spark_submit.py:495} INFO - 23/03/03 10:57:10 INFO SparkEnv: Registering OutputCommitCoordinator
[2023-03-03 10:57:10,492] {spark_submit.py:495} INFO - 23/03/03 10:57:10 INFO Utils: Successfully started service 'SparkUI' on port 4040.
[2023-03-03 10:57:10,608] {spark_submit.py:495} INFO - 23/03/03 10:57:10 INFO Executor: Starting executor ID driver on host bc6e20906570
[2023-03-03 10:57:10,618] {spark_submit.py:495} INFO - 23/03/03 10:57:10 INFO Executor: Starting executor with user classpath (userClassPathFirst = false): ''
[2023-03-03 10:57:10,642] {spark_submit.py:495} INFO - 23/03/03 10:57:10 INFO Utils: Successfully started service 'org.apache.spark.network.netty.NettyBlockTransferService' on port 38417.
[2023-03-03 10:57:10,642] {spark_submit.py:495} INFO - 23/03/03 10:57:10 INFO NettyBlockTransferService: Server created on bc6e20906570:38417
[2023-03-03 10:57:10,645] {spark_submit.py:495} INFO - 23/03/03 10:57:10 INFO BlockManager: Using org.apache.spark.storage.RandomBlockReplicationPolicy for block replication policy
[2023-03-03 10:57:10,654] {spark_submit.py:495} INFO - 23/03/03 10:57:10 INFO BlockManagerMaster: Registering BlockManager BlockManagerId(driver, bc6e20906570, 38417, None)
[2023-03-03 10:57:10,659] {spark_submit.py:495} INFO - 23/03/03 10:57:10 INFO BlockManagerMasterEndpoint: Registering block manager bc6e20906570:38417 with 434.4 MiB RAM, BlockManagerId(driver, bc6e20906570, 38417, None)
[2023-03-03 10:57:10,663] {spark_submit.py:495} INFO - 23/03/03 10:57:10 INFO BlockManagerMaster: Registered BlockManager BlockManagerId(driver, bc6e20906570, 38417, None)
[2023-03-03 10:57:10,665] {spark_submit.py:495} INFO - 23/03/03 10:57:10 INFO BlockManager: Initialized BlockManager: BlockManagerId(driver, bc6e20906570, 38417, None)
[2023-03-03 10:57:10,944] {spark_submit.py:495} INFO - /opt/spark-3.3.2-bin-hadoop3/python/lib/pyspark.zip/pyspark/sql/context.py:114: FutureWarning: Deprecated in 3.0.0. Use SparkSession.builder.getOrCreate() instead.
[2023-03-03 10:57:11,151] {spark_submit.py:495} INFO - 23/03/03 10:57:11 INFO SharedState: Setting hive.metastore.warehouse.dir ('null') to the value of spark.sql.warehouse.dir.
[2023-03-03 10:57:11,159] {spark_submit.py:495} INFO - 23/03/03 10:57:11 INFO SharedState: Warehouse path is 'file:/home/***/spark-warehouse'.
[2023-03-03 10:57:12,420] {spark_submit.py:495} INFO - Traceback (most recent call last):
[2023-03-03 10:57:12,421] {spark_submit.py:495} INFO - File "/hadoop-data/map_reduce/spark/average_price.py", line 20, in <module>
[2023-03-03 10:57:12,421] {spark_submit.py:495} INFO - calculate_avg()
[2023-03-03 10:57:12,421] {spark_submit.py:495} INFO - File "/hadoop-data/map_reduce/spark/average_price.py", line 6, in calculate_avg
[2023-03-03 10:57:12,421] {spark_submit.py:495} INFO - df_load = sqlContext.read.option("header",True).csv('hdfs://namenode:8020/user/root/input/Sales.csv')
[2023-03-03 10:57:12,421] {spark_submit.py:495} INFO - File "/opt/spark-3.3.2-bin-hadoop3/python/lib/pyspark.zip/pyspark/sql/readwriter.py", line 535, in csv
[2023-03-03 10:57:12,422] {spark_submit.py:495} INFO - File "/opt/spark-3.3.2-bin-hadoop3/python/lib/py4j-0.10.9.5-src.zip/py4j/java_gateway.py", line 1322, in __call__
[2023-03-03 10:57:12,422] {spark_submit.py:495} INFO - File "/opt/spark-3.3.2-bin-hadoop3/python/lib/pyspark.zip/pyspark/sql/utils.py", line 196, in deco
[2023-03-03 10:57:12,431] {spark_submit.py:495} INFO - pyspark.sql.utils.AnalysisException: Path does not exist: hdfs://namenode:8020/user/root/input/Sales.csv
[2023-03-03 10:57:12,468] {spark_submit.py:495} INFO - 23/03/03 10:57:12 INFO SparkContext: Invoking stop() from shutdown hook
[2023-03-03 10:57:12,480] {spark_submit.py:495} INFO - 23/03/03 10:57:12 INFO SparkUI: Stopped Spark web UI at http://bc6e20906570:4040
[2023-03-03 10:57:12,495] {spark_submit.py:495} INFO - 23/03/03 10:57:12 INFO MapOutputTrackerMasterEndpoint: MapOutputTrackerMasterEndpoint stopped!
[2023-03-03 10:57:12,507] {spark_submit.py:495} INFO - 23/03/03 10:57:12 INFO MemoryStore: MemoryStore cleared
[2023-03-03 10:57:12,507] {spark_submit.py:495} INFO - 23/03/03 10:57:12 INFO BlockManager: BlockManager stopped
[2023-03-03 10:57:12,517] {spark_submit.py:495} INFO - 23/03/03 10:57:12 INFO BlockManagerMaster: BlockManagerMaster stopped
[2023-03-03 10:57:12,521] {spark_submit.py:495} INFO - 23/03/03 10:57:12 INFO OutputCommitCoordinator$OutputCommitCoordinatorEndpoint: OutputCommitCoordinator stopped!
[2023-03-03 10:57:12,526] {spark_submit.py:495} INFO - 23/03/03 10:57:12 INFO SparkContext: Successfully stopped SparkContext
[2023-03-03 10:57:12,526] {spark_submit.py:495} INFO - 23/03/03 10:57:12 INFO ShutdownHookManager: Shutdown hook called
[2023-03-03 10:57:12,527] {spark_submit.py:495} INFO - 23/03/03 10:57:12 INFO ShutdownHookManager: Deleting directory /tmp/spark-456f60eb-b5ec-4cd1-a67e-1ea588e8a968
[2023-03-03 10:57:12,530] {spark_submit.py:495} INFO - 23/03/03 10:57:12 INFO ShutdownHookManager: Deleting directory /tmp/spark-7abc1d83-2074-48ff-a102-f3c2b5d9e183/pyspark-5b8b802f-d260-4ece-bcd8-c5a37a6581b8
[2023-03-03 10:57:12,534] {spark_submit.py:495} INFO - 23/03/03 10:57:12 INFO ShutdownHookManager: Deleting directory /tmp/spark-7abc1d83-2074-48ff-a102-f3c2b5d9e183
[2023-03-03 10:57:12,635] {taskinstance.py:1889} ERROR - Task failed with exception
Traceback (most recent call last):
  File "/usr/local/lib/python3.7/site-packages/airflow/providers/apache/spark/operators/spark_submit.py", line 157, in execute
    self._hook.submit(self._application)
  File "/usr/local/lib/python3.7/site-packages/airflow/providers/apache/spark/hooks/spark_submit.py", line 427, in submit
    f"Cannot execute: {self._mask_cmd(spark_submit_cmd)}. Error code is: {returncode}."
airflow.exceptions.AirflowException: Cannot execute: spark-submit --master local[*] --name arrow-spark /hadoop-data/map_reduce/spark/average_price.py. Error code is: 1.
[2023-03-03 10:57:12,640] {taskinstance.py:1400} INFO - Marking task as UP_FOR_RETRY. dag_id=avg_product_price, task_id=spark_submit, execution_date=20230303T105210, start_date=20230303T105707, end_date=20230303T105712
[2023-03-03 10:57:12,654] {standard_task_runner.py:97} ERROR - Failed to execute job 4 for task spark_submit (Cannot execute: spark-submit --master local[*] --name arrow-spark /hadoop-data/map_reduce/spark/average_price.py. Error code is: 1.; 1735)
[2023-03-03 10:57:12,703] {local_task_job.py:156} INFO - Task exited with return code 1
[2023-03-03 10:57:12,740] {local_task_job.py:273} INFO - 0 downstream tasks scheduled from follow-on schedule check
