[2023-03-03 10:52:12,668] {taskinstance.py:1159} INFO - Dependencies all met for <TaskInstance: avg_product_price.spark_submit manual__2023-03-03T10:52:10.353041+00:00 [queued]>
[2023-03-03 10:52:12,681] {taskinstance.py:1159} INFO - Dependencies all met for <TaskInstance: avg_product_price.spark_submit manual__2023-03-03T10:52:10.353041+00:00 [queued]>
[2023-03-03 10:52:12,682] {taskinstance.py:1356} INFO - 
--------------------------------------------------------------------------------
[2023-03-03 10:52:12,682] {taskinstance.py:1357} INFO - Starting attempt 1 of 2
[2023-03-03 10:52:12,682] {taskinstance.py:1358} INFO - 
--------------------------------------------------------------------------------
[2023-03-03 10:52:12,703] {taskinstance.py:1377} INFO - Executing <Task(SparkSubmitOperator): spark_submit> on 2023-03-03 10:52:10.353041+00:00
[2023-03-03 10:52:12,713] {standard_task_runner.py:52} INFO - Started process 1347 to run task
[2023-03-03 10:52:12,717] {standard_task_runner.py:79} INFO - Running: ['***', 'tasks', 'run', 'avg_product_price', 'spark_submit', 'manual__2023-03-03T10:52:10.353041+00:00', '--job-id', '2', '--raw', '--subdir', 'DAGS_FOLDER/avg_product_price.py', '--cfg-path', '/tmp/tmpsurar8lo', '--error-file', '/tmp/tmpbih3lovn']
[2023-03-03 10:52:12,720] {standard_task_runner.py:80} INFO - Job 2: Subtask spark_submit
[2023-03-03 10:52:12,800] {task_command.py:370} INFO - Running <TaskInstance: avg_product_price.spark_submit manual__2023-03-03T10:52:10.353041+00:00 [running]> on host bc6e20906570
[2023-03-03 10:52:12,954] {taskinstance.py:1571} INFO - Exporting the following env vars:
AIRFLOW_CTX_DAG_OWNER=ayyoub
AIRFLOW_CTX_DAG_ID=avg_product_price
AIRFLOW_CTX_TASK_ID=spark_submit
AIRFLOW_CTX_EXECUTION_DATE=2023-03-03T10:52:10.353041+00:00
AIRFLOW_CTX_TRY_NUMBER=1
AIRFLOW_CTX_DAG_RUN_ID=manual__2023-03-03T10:52:10.353041+00:00
[2023-03-03 10:52:12,971] {base.py:68} INFO - Using connection ID 'spark-hadoop' for task execution.
[2023-03-03 10:52:12,973] {spark_submit.py:344} INFO - Spark-Submit cmd: spark-submit --master local[*] --name arrow-spark /hadoop-data/map_reduce/spark/average_price.py
[2023-03-03 10:52:17,680] {spark_submit.py:495} INFO - 23/03/03 10:52:17 INFO SparkContext: Running Spark version 3.3.2
[2023-03-03 10:52:17,773] {spark_submit.py:495} INFO - 23/03/03 10:52:17 WARN NativeCodeLoader: Unable to load native-hadoop library for your platform... using builtin-java classes where applicable
[2023-03-03 10:52:17,908] {spark_submit.py:495} INFO - 23/03/03 10:52:17 INFO ResourceUtils: ==============================================================
[2023-03-03 10:52:17,908] {spark_submit.py:495} INFO - 23/03/03 10:52:17 INFO ResourceUtils: No custom resources configured for spark.driver.
[2023-03-03 10:52:17,908] {spark_submit.py:495} INFO - 23/03/03 10:52:17 INFO ResourceUtils: ==============================================================
[2023-03-03 10:52:17,909] {spark_submit.py:495} INFO - 23/03/03 10:52:17 INFO SparkContext: Submitted application: average_product_price
[2023-03-03 10:52:17,946] {spark_submit.py:495} INFO - 23/03/03 10:52:17 INFO ResourceProfile: Default ResourceProfile created, executor resources: Map(cores -> name: cores, amount: 1, script: , vendor: , memory -> name: memory, amount: 1024, script: , vendor: , offHeap -> name: offHeap, amount: 0, script: , vendor: ), task resources: Map(cpus -> name: cpus, amount: 1.0)
[2023-03-03 10:52:17,967] {spark_submit.py:495} INFO - 23/03/03 10:52:17 INFO ResourceProfile: Limiting resource is cpu
[2023-03-03 10:52:17,968] {spark_submit.py:495} INFO - 23/03/03 10:52:17 INFO ResourceProfileManager: Added ResourceProfile id: 0
[2023-03-03 10:52:18,054] {spark_submit.py:495} INFO - 23/03/03 10:52:18 INFO SecurityManager: Changing view acls to: ***
[2023-03-03 10:52:18,055] {spark_submit.py:495} INFO - 23/03/03 10:52:18 INFO SecurityManager: Changing modify acls to: ***
[2023-03-03 10:52:18,055] {spark_submit.py:495} INFO - 23/03/03 10:52:18 INFO SecurityManager: Changing view acls groups to:
[2023-03-03 10:52:18,056] {spark_submit.py:495} INFO - 23/03/03 10:52:18 INFO SecurityManager: Changing modify acls groups to:
[2023-03-03 10:52:18,056] {spark_submit.py:495} INFO - 23/03/03 10:52:18 INFO SecurityManager: SecurityManager: authentication disabled; ui acls disabled; users  with view permissions: Set(***); groups with view permissions: Set(); users  with modify permissions: Set(***); groups with modify permissions: Set()
[2023-03-03 10:52:18,443] {spark_submit.py:495} INFO - 23/03/03 10:52:18 INFO Utils: Successfully started service 'sparkDriver' on port 36769.
[2023-03-03 10:52:18,507] {spark_submit.py:495} INFO - 23/03/03 10:52:18 INFO SparkEnv: Registering MapOutputTracker
[2023-03-03 10:52:18,564] {spark_submit.py:495} INFO - 23/03/03 10:52:18 INFO SparkEnv: Registering BlockManagerMaster
[2023-03-03 10:52:18,598] {spark_submit.py:495} INFO - 23/03/03 10:52:18 INFO BlockManagerMasterEndpoint: Using org.apache.spark.storage.DefaultTopologyMapper for getting topology information
[2023-03-03 10:52:18,599] {spark_submit.py:495} INFO - 23/03/03 10:52:18 INFO BlockManagerMasterEndpoint: BlockManagerMasterEndpoint up
[2023-03-03 10:52:18,610] {spark_submit.py:495} INFO - 23/03/03 10:52:18 INFO SparkEnv: Registering BlockManagerMasterHeartbeat
[2023-03-03 10:52:18,651] {spark_submit.py:495} INFO - 23/03/03 10:52:18 INFO DiskBlockManager: Created local directory at /tmp/blockmgr-05efc59f-ecd6-49fc-913a-afa9ab96be3a
[2023-03-03 10:52:18,679] {spark_submit.py:495} INFO - 23/03/03 10:52:18 INFO MemoryStore: MemoryStore started with capacity 434.4 MiB
[2023-03-03 10:52:18,707] {spark_submit.py:495} INFO - 23/03/03 10:52:18 INFO SparkEnv: Registering OutputCommitCoordinator
[2023-03-03 10:52:19,028] {spark_submit.py:495} INFO - 23/03/03 10:52:19 INFO Utils: Successfully started service 'SparkUI' on port 4040.
[2023-03-03 10:52:19,170] {spark_submit.py:495} INFO - 23/03/03 10:52:19 INFO Executor: Starting executor ID driver on host bc6e20906570
[2023-03-03 10:52:19,180] {spark_submit.py:495} INFO - 23/03/03 10:52:19 INFO Executor: Starting executor with user classpath (userClassPathFirst = false): ''
[2023-03-03 10:52:19,205] {spark_submit.py:495} INFO - 23/03/03 10:52:19 INFO Utils: Successfully started service 'org.apache.spark.network.netty.NettyBlockTransferService' on port 35037.
[2023-03-03 10:52:19,205] {spark_submit.py:495} INFO - 23/03/03 10:52:19 INFO NettyBlockTransferService: Server created on bc6e20906570:35037
[2023-03-03 10:52:19,209] {spark_submit.py:495} INFO - 23/03/03 10:52:19 INFO BlockManager: Using org.apache.spark.storage.RandomBlockReplicationPolicy for block replication policy
[2023-03-03 10:52:19,219] {spark_submit.py:495} INFO - 23/03/03 10:52:19 INFO BlockManagerMaster: Registering BlockManager BlockManagerId(driver, bc6e20906570, 35037, None)
[2023-03-03 10:52:19,225] {spark_submit.py:495} INFO - 23/03/03 10:52:19 INFO BlockManagerMasterEndpoint: Registering block manager bc6e20906570:35037 with 434.4 MiB RAM, BlockManagerId(driver, bc6e20906570, 35037, None)
[2023-03-03 10:52:19,228] {spark_submit.py:495} INFO - 23/03/03 10:52:19 INFO BlockManagerMaster: Registered BlockManager BlockManagerId(driver, bc6e20906570, 35037, None)
[2023-03-03 10:52:19,230] {spark_submit.py:495} INFO - 23/03/03 10:52:19 INFO BlockManager: Initialized BlockManager: BlockManagerId(driver, bc6e20906570, 35037, None)
[2023-03-03 10:52:19,582] {spark_submit.py:495} INFO - /opt/spark-3.3.2-bin-hadoop3/python/lib/pyspark.zip/pyspark/sql/context.py:114: FutureWarning: Deprecated in 3.0.0. Use SparkSession.builder.getOrCreate() instead.
[2023-03-03 10:52:19,855] {spark_submit.py:495} INFO - 23/03/03 10:52:19 INFO SharedState: Setting hive.metastore.warehouse.dir ('null') to the value of spark.sql.warehouse.dir.
[2023-03-03 10:52:19,865] {spark_submit.py:495} INFO - 23/03/03 10:52:19 INFO SharedState: Warehouse path is 'file:/home/***/spark-warehouse'.
[2023-03-03 10:52:21,698] {spark_submit.py:495} INFO - Traceback (most recent call last):
[2023-03-03 10:52:21,698] {spark_submit.py:495} INFO - File "/hadoop-data/map_reduce/spark/average_price.py", line 20, in <module>
[2023-03-03 10:52:21,699] {spark_submit.py:495} INFO - calculate_avg()
[2023-03-03 10:52:21,699] {spark_submit.py:495} INFO - File "/hadoop-data/map_reduce/spark/average_price.py", line 6, in calculate_avg
[2023-03-03 10:52:21,699] {spark_submit.py:495} INFO - df_load = sqlContext.read.option("header",True).csv('hdfs://namenode:8020/user/root/input/Sales.csv')
[2023-03-03 10:52:21,700] {spark_submit.py:495} INFO - File "/opt/spark-3.3.2-bin-hadoop3/python/lib/pyspark.zip/pyspark/sql/readwriter.py", line 535, in csv
[2023-03-03 10:52:21,700] {spark_submit.py:495} INFO - File "/opt/spark-3.3.2-bin-hadoop3/python/lib/py4j-0.10.9.5-src.zip/py4j/java_gateway.py", line 1322, in __call__
[2023-03-03 10:52:21,700] {spark_submit.py:495} INFO - File "/opt/spark-3.3.2-bin-hadoop3/python/lib/pyspark.zip/pyspark/sql/utils.py", line 196, in deco
[2023-03-03 10:52:21,708] {spark_submit.py:495} INFO - pyspark.sql.utils.AnalysisException: Path does not exist: hdfs://namenode:8020/user/root/input/Sales.csv
[2023-03-03 10:52:21,749] {spark_submit.py:495} INFO - 23/03/03 10:52:21 INFO SparkContext: Invoking stop() from shutdown hook
[2023-03-03 10:52:21,764] {spark_submit.py:495} INFO - 23/03/03 10:52:21 INFO SparkUI: Stopped Spark web UI at http://bc6e20906570:4040
[2023-03-03 10:52:21,779] {spark_submit.py:495} INFO - 23/03/03 10:52:21 INFO MapOutputTrackerMasterEndpoint: MapOutputTrackerMasterEndpoint stopped!
[2023-03-03 10:52:21,796] {spark_submit.py:495} INFO - 23/03/03 10:52:21 INFO MemoryStore: MemoryStore cleared
[2023-03-03 10:52:21,796] {spark_submit.py:495} INFO - 23/03/03 10:52:21 INFO BlockManager: BlockManager stopped
[2023-03-03 10:52:21,808] {spark_submit.py:495} INFO - 23/03/03 10:52:21 INFO BlockManagerMaster: BlockManagerMaster stopped
[2023-03-03 10:52:21,812] {spark_submit.py:495} INFO - 23/03/03 10:52:21 INFO OutputCommitCoordinator$OutputCommitCoordinatorEndpoint: OutputCommitCoordinator stopped!
[2023-03-03 10:52:21,819] {spark_submit.py:495} INFO - 23/03/03 10:52:21 INFO SparkContext: Successfully stopped SparkContext
[2023-03-03 10:52:21,819] {spark_submit.py:495} INFO - 23/03/03 10:52:21 INFO ShutdownHookManager: Shutdown hook called
[2023-03-03 10:52:21,820] {spark_submit.py:495} INFO - 23/03/03 10:52:21 INFO ShutdownHookManager: Deleting directory /tmp/spark-472ecb9b-9ca3-4d35-a862-01a75334cb81
[2023-03-03 10:52:21,825] {spark_submit.py:495} INFO - 23/03/03 10:52:21 INFO ShutdownHookManager: Deleting directory /tmp/spark-716af51a-bbcd-4ea9-a05d-f601e6588875
[2023-03-03 10:52:21,829] {spark_submit.py:495} INFO - 23/03/03 10:52:21 INFO ShutdownHookManager: Deleting directory /tmp/spark-472ecb9b-9ca3-4d35-a862-01a75334cb81/pyspark-a05191e4-cca8-4fe9-9b71-8c1ce0b1a2e3
[2023-03-03 10:52:21,933] {taskinstance.py:1889} ERROR - Task failed with exception
Traceback (most recent call last):
  File "/usr/local/lib/python3.7/site-packages/airflow/providers/apache/spark/operators/spark_submit.py", line 157, in execute
    self._hook.submit(self._application)
  File "/usr/local/lib/python3.7/site-packages/airflow/providers/apache/spark/hooks/spark_submit.py", line 427, in submit
    f"Cannot execute: {self._mask_cmd(spark_submit_cmd)}. Error code is: {returncode}."
airflow.exceptions.AirflowException: Cannot execute: spark-submit --master local[*] --name arrow-spark /hadoop-data/map_reduce/spark/average_price.py. Error code is: 1.
[2023-03-03 10:52:21,939] {taskinstance.py:1400} INFO - Marking task as UP_FOR_RETRY. dag_id=avg_product_price, task_id=spark_submit, execution_date=20230303T105210, start_date=20230303T105212, end_date=20230303T105221
[2023-03-03 10:52:21,954] {standard_task_runner.py:97} ERROR - Failed to execute job 2 for task spark_submit (Cannot execute: spark-submit --master local[*] --name arrow-spark /hadoop-data/map_reduce/spark/average_price.py. Error code is: 1.; 1347)
[2023-03-03 10:52:21,984] {local_task_job.py:156} INFO - Task exited with return code 1
[2023-03-03 10:52:22,024] {local_task_job.py:273} INFO - 0 downstream tasks scheduled from follow-on schedule check
