[2023-03-03 11:00:47,301] {taskinstance.py:1159} INFO - Dependencies all met for <TaskInstance: avg_product_price.spark_submit manual__2023-03-03T10:52:10.353041+00:00 [queued]>
[2023-03-03 11:00:47,312] {taskinstance.py:1159} INFO - Dependencies all met for <TaskInstance: avg_product_price.spark_submit manual__2023-03-03T10:52:10.353041+00:00 [queued]>
[2023-03-03 11:00:47,313] {taskinstance.py:1356} INFO - 
--------------------------------------------------------------------------------
[2023-03-03 11:00:47,313] {taskinstance.py:1357} INFO - Starting attempt 3 of 4
[2023-03-03 11:00:47,313] {taskinstance.py:1358} INFO - 
--------------------------------------------------------------------------------
[2023-03-03 11:00:47,335] {taskinstance.py:1377} INFO - Executing <Task(SparkSubmitOperator): spark_submit> on 2023-03-03 10:52:10.353041+00:00
[2023-03-03 11:00:47,342] {standard_task_runner.py:52} INFO - Started process 1958 to run task
[2023-03-03 11:00:47,347] {standard_task_runner.py:79} INFO - Running: ['***', 'tasks', 'run', 'avg_product_price', 'spark_submit', 'manual__2023-03-03T10:52:10.353041+00:00', '--job-id', '5', '--raw', '--subdir', 'DAGS_FOLDER/avg_product_price.py', '--cfg-path', '/tmp/tmpm256jc9j', '--error-file', '/tmp/tmpw6ybhniw']
[2023-03-03 11:00:47,349] {standard_task_runner.py:80} INFO - Job 5: Subtask spark_submit
[2023-03-03 11:00:47,417] {task_command.py:370} INFO - Running <TaskInstance: avg_product_price.spark_submit manual__2023-03-03T10:52:10.353041+00:00 [running]> on host bc6e20906570
[2023-03-03 11:00:47,513] {taskinstance.py:1571} INFO - Exporting the following env vars:
AIRFLOW_CTX_DAG_OWNER=ayyoub
AIRFLOW_CTX_DAG_ID=avg_product_price
AIRFLOW_CTX_TASK_ID=spark_submit
AIRFLOW_CTX_EXECUTION_DATE=2023-03-03T10:52:10.353041+00:00
AIRFLOW_CTX_TRY_NUMBER=3
AIRFLOW_CTX_DAG_RUN_ID=manual__2023-03-03T10:52:10.353041+00:00
[2023-03-03 11:00:47,524] {base.py:68} INFO - Using connection ID 'spark-hadoop' for task execution.
[2023-03-03 11:00:47,526] {spark_submit.py:344} INFO - Spark-Submit cmd: spark-submit --master local[*] --name arrow-spark /hadoop-data/map_reduce/spark/average_price.py
[2023-03-03 11:00:50,215] {spark_submit.py:495} INFO - 23/03/03 11:00:50 INFO SparkContext: Running Spark version 3.3.2
[2023-03-03 11:00:50,288] {spark_submit.py:495} INFO - 23/03/03 11:00:50 WARN NativeCodeLoader: Unable to load native-hadoop library for your platform... using builtin-java classes where applicable
[2023-03-03 11:00:50,395] {spark_submit.py:495} INFO - 23/03/03 11:00:50 INFO ResourceUtils: ==============================================================
[2023-03-03 11:00:50,395] {spark_submit.py:495} INFO - 23/03/03 11:00:50 INFO ResourceUtils: No custom resources configured for spark.driver.
[2023-03-03 11:00:50,395] {spark_submit.py:495} INFO - 23/03/03 11:00:50 INFO ResourceUtils: ==============================================================
[2023-03-03 11:00:50,396] {spark_submit.py:495} INFO - 23/03/03 11:00:50 INFO SparkContext: Submitted application: average_product_price
[2023-03-03 11:00:50,421] {spark_submit.py:495} INFO - 23/03/03 11:00:50 INFO ResourceProfile: Default ResourceProfile created, executor resources: Map(cores -> name: cores, amount: 1, script: , vendor: , memory -> name: memory, amount: 1024, script: , vendor: , offHeap -> name: offHeap, amount: 0, script: , vendor: ), task resources: Map(cpus -> name: cpus, amount: 1.0)
[2023-03-03 11:00:50,435] {spark_submit.py:495} INFO - 23/03/03 11:00:50 INFO ResourceProfile: Limiting resource is cpu
[2023-03-03 11:00:50,436] {spark_submit.py:495} INFO - 23/03/03 11:00:50 INFO ResourceProfileManager: Added ResourceProfile id: 0
[2023-03-03 11:00:50,497] {spark_submit.py:495} INFO - 23/03/03 11:00:50 INFO SecurityManager: Changing view acls to: ***
[2023-03-03 11:00:50,497] {spark_submit.py:495} INFO - 23/03/03 11:00:50 INFO SecurityManager: Changing modify acls to: ***
[2023-03-03 11:00:50,497] {spark_submit.py:495} INFO - 23/03/03 11:00:50 INFO SecurityManager: Changing view acls groups to:
[2023-03-03 11:00:50,498] {spark_submit.py:495} INFO - 23/03/03 11:00:50 INFO SecurityManager: Changing modify acls groups to:
[2023-03-03 11:00:50,499] {spark_submit.py:495} INFO - 23/03/03 11:00:50 INFO SecurityManager: SecurityManager: authentication disabled; ui acls disabled; users  with view permissions: Set(***); groups with view permissions: Set(); users  with modify permissions: Set(***); groups with modify permissions: Set()
[2023-03-03 11:00:50,833] {spark_submit.py:495} INFO - 23/03/03 11:00:50 INFO Utils: Successfully started service 'sparkDriver' on port 35191.
[2023-03-03 11:00:50,893] {spark_submit.py:495} INFO - 23/03/03 11:00:50 INFO SparkEnv: Registering MapOutputTracker
[2023-03-03 11:00:50,937] {spark_submit.py:495} INFO - 23/03/03 11:00:50 INFO SparkEnv: Registering BlockManagerMaster
[2023-03-03 11:00:50,959] {spark_submit.py:495} INFO - 23/03/03 11:00:50 INFO BlockManagerMasterEndpoint: Using org.apache.spark.storage.DefaultTopologyMapper for getting topology information
[2023-03-03 11:00:50,960] {spark_submit.py:495} INFO - 23/03/03 11:00:50 INFO BlockManagerMasterEndpoint: BlockManagerMasterEndpoint up
[2023-03-03 11:00:50,967] {spark_submit.py:495} INFO - 23/03/03 11:00:50 INFO SparkEnv: Registering BlockManagerMasterHeartbeat
[2023-03-03 11:00:50,994] {spark_submit.py:495} INFO - 23/03/03 11:00:50 INFO DiskBlockManager: Created local directory at /tmp/blockmgr-1015e60a-f482-4be4-90b3-9e0fde421f15
[2023-03-03 11:00:51,018] {spark_submit.py:495} INFO - 23/03/03 11:00:51 INFO MemoryStore: MemoryStore started with capacity 434.4 MiB
[2023-03-03 11:00:51,039] {spark_submit.py:495} INFO - 23/03/03 11:00:51 INFO SparkEnv: Registering OutputCommitCoordinator
[2023-03-03 11:00:51,304] {spark_submit.py:495} INFO - 23/03/03 11:00:51 INFO Utils: Successfully started service 'SparkUI' on port 4040.
[2023-03-03 11:00:51,430] {spark_submit.py:495} INFO - 23/03/03 11:00:51 INFO Executor: Starting executor ID driver on host bc6e20906570
[2023-03-03 11:00:51,439] {spark_submit.py:495} INFO - 23/03/03 11:00:51 INFO Executor: Starting executor with user classpath (userClassPathFirst = false): ''
[2023-03-03 11:00:51,461] {spark_submit.py:495} INFO - 23/03/03 11:00:51 INFO Utils: Successfully started service 'org.apache.spark.network.netty.NettyBlockTransferService' on port 37759.
[2023-03-03 11:00:51,462] {spark_submit.py:495} INFO - 23/03/03 11:00:51 INFO NettyBlockTransferService: Server created on bc6e20906570:37759
[2023-03-03 11:00:51,464] {spark_submit.py:495} INFO - 23/03/03 11:00:51 INFO BlockManager: Using org.apache.spark.storage.RandomBlockReplicationPolicy for block replication policy
[2023-03-03 11:00:51,472] {spark_submit.py:495} INFO - 23/03/03 11:00:51 INFO BlockManagerMaster: Registering BlockManager BlockManagerId(driver, bc6e20906570, 37759, None)
[2023-03-03 11:00:51,477] {spark_submit.py:495} INFO - 23/03/03 11:00:51 INFO BlockManagerMasterEndpoint: Registering block manager bc6e20906570:37759 with 434.4 MiB RAM, BlockManagerId(driver, bc6e20906570, 37759, None)
[2023-03-03 11:00:51,480] {spark_submit.py:495} INFO - 23/03/03 11:00:51 INFO BlockManagerMaster: Registered BlockManager BlockManagerId(driver, bc6e20906570, 37759, None)
[2023-03-03 11:00:51,482] {spark_submit.py:495} INFO - 23/03/03 11:00:51 INFO BlockManager: Initialized BlockManager: BlockManagerId(driver, bc6e20906570, 37759, None)
[2023-03-03 11:00:51,780] {spark_submit.py:495} INFO - /opt/spark-3.3.2-bin-hadoop3/python/lib/pyspark.zip/pyspark/sql/context.py:114: FutureWarning: Deprecated in 3.0.0. Use SparkSession.builder.getOrCreate() instead.
[2023-03-03 11:00:51,986] {spark_submit.py:495} INFO - 23/03/03 11:00:51 INFO SharedState: Setting hive.metastore.warehouse.dir ('null') to the value of spark.sql.warehouse.dir.
[2023-03-03 11:00:51,994] {spark_submit.py:495} INFO - 23/03/03 11:00:51 INFO SharedState: Warehouse path is 'file:/home/***/spark-warehouse'.
[2023-03-03 11:00:53,333] {spark_submit.py:495} INFO - Traceback (most recent call last):
[2023-03-03 11:00:53,333] {spark_submit.py:495} INFO - File "/hadoop-data/map_reduce/spark/average_price.py", line 20, in <module>
[2023-03-03 11:00:53,334] {spark_submit.py:495} INFO - calculate_avg()
[2023-03-03 11:00:53,334] {spark_submit.py:495} INFO - File "/hadoop-data/map_reduce/spark/average_price.py", line 6, in calculate_avg
[2023-03-03 11:00:53,334] {spark_submit.py:495} INFO - df_load = sqlContext.read.option("header",True).csv('hdfs://namenode:8020/user/root/input/Sales.csv')
[2023-03-03 11:00:53,335] {spark_submit.py:495} INFO - File "/opt/spark-3.3.2-bin-hadoop3/python/lib/pyspark.zip/pyspark/sql/readwriter.py", line 535, in csv
[2023-03-03 11:00:53,335] {spark_submit.py:495} INFO - File "/opt/spark-3.3.2-bin-hadoop3/python/lib/py4j-0.10.9.5-src.zip/py4j/java_gateway.py", line 1322, in __call__
[2023-03-03 11:00:53,335] {spark_submit.py:495} INFO - File "/opt/spark-3.3.2-bin-hadoop3/python/lib/pyspark.zip/pyspark/sql/utils.py", line 196, in deco
[2023-03-03 11:00:53,343] {spark_submit.py:495} INFO - pyspark.sql.utils.AnalysisException: Path does not exist: hdfs://namenode:8020/user/root/input/Sales.csv
[2023-03-03 11:00:53,386] {spark_submit.py:495} INFO - 23/03/03 11:00:53 INFO SparkContext: Invoking stop() from shutdown hook
[2023-03-03 11:00:53,398] {spark_submit.py:495} INFO - 23/03/03 11:00:53 INFO SparkUI: Stopped Spark web UI at http://bc6e20906570:4040
[2023-03-03 11:00:53,413] {spark_submit.py:495} INFO - 23/03/03 11:00:53 INFO MapOutputTrackerMasterEndpoint: MapOutputTrackerMasterEndpoint stopped!
[2023-03-03 11:00:53,427] {spark_submit.py:495} INFO - 23/03/03 11:00:53 INFO MemoryStore: MemoryStore cleared
[2023-03-03 11:00:53,428] {spark_submit.py:495} INFO - 23/03/03 11:00:53 INFO BlockManager: BlockManager stopped
[2023-03-03 11:00:53,438] {spark_submit.py:495} INFO - 23/03/03 11:00:53 INFO BlockManagerMaster: BlockManagerMaster stopped
[2023-03-03 11:00:53,443] {spark_submit.py:495} INFO - 23/03/03 11:00:53 INFO OutputCommitCoordinator$OutputCommitCoordinatorEndpoint: OutputCommitCoordinator stopped!
[2023-03-03 11:00:53,451] {spark_submit.py:495} INFO - 23/03/03 11:00:53 INFO SparkContext: Successfully stopped SparkContext
[2023-03-03 11:00:53,452] {spark_submit.py:495} INFO - 23/03/03 11:00:53 INFO ShutdownHookManager: Shutdown hook called
[2023-03-03 11:00:53,453] {spark_submit.py:495} INFO - 23/03/03 11:00:53 INFO ShutdownHookManager: Deleting directory /tmp/spark-d2f33a0b-2750-41bc-9998-6982c90b8761
[2023-03-03 11:00:53,456] {spark_submit.py:495} INFO - 23/03/03 11:00:53 INFO ShutdownHookManager: Deleting directory /tmp/spark-2c2c00e0-772a-4ddc-9d16-423307135fa6/pyspark-83f1285c-37bb-4366-9875-e2a8b258a4a5
[2023-03-03 11:00:53,459] {spark_submit.py:495} INFO - 23/03/03 11:00:53 INFO ShutdownHookManager: Deleting directory /tmp/spark-2c2c00e0-772a-4ddc-9d16-423307135fa6
[2023-03-03 11:00:53,558] {taskinstance.py:1889} ERROR - Task failed with exception
Traceback (most recent call last):
  File "/usr/local/lib/python3.7/site-packages/airflow/providers/apache/spark/operators/spark_submit.py", line 157, in execute
    self._hook.submit(self._application)
  File "/usr/local/lib/python3.7/site-packages/airflow/providers/apache/spark/hooks/spark_submit.py", line 427, in submit
    f"Cannot execute: {self._mask_cmd(spark_submit_cmd)}. Error code is: {returncode}."
airflow.exceptions.AirflowException: Cannot execute: spark-submit --master local[*] --name arrow-spark /hadoop-data/map_reduce/spark/average_price.py. Error code is: 1.
[2023-03-03 11:00:53,563] {taskinstance.py:1400} INFO - Marking task as UP_FOR_RETRY. dag_id=avg_product_price, task_id=spark_submit, execution_date=20230303T105210, start_date=20230303T110047, end_date=20230303T110053
[2023-03-03 11:00:53,578] {standard_task_runner.py:97} ERROR - Failed to execute job 5 for task spark_submit (Cannot execute: spark-submit --master local[*] --name arrow-spark /hadoop-data/map_reduce/spark/average_price.py. Error code is: 1.; 1958)
[2023-03-03 11:00:53,631] {local_task_job.py:156} INFO - Task exited with return code 1
[2023-03-03 11:00:53,674] {local_task_job.py:273} INFO - 0 downstream tasks scheduled from follow-on schedule check
